1

                                             * * * * * * * * *  L H S  * * * * * * * * *

                                             LATIN HYPERCUBE AND RANDOM SAMPLING PROGRAM

                                             * * * * * * * * * * * * * * * * * * * * * *


    Run on  6/15/17 at 18:29:16.54 with LHS Version: 2.30 Release 1, Compiled May 31, 2001        


0    Pecos::LHSDriver

    Random Seed =       52983

    Number of Variables =   2

    Number of Observations =   30
0   The sample was written to the file: LHS_samples.out
0   Input was read from the file: 
0   The sample input vectors will be printed along with their corresponding ranks.
0   Histograms of the actual sample will be plotted for each input variable.
0   The correlation matrices (raw data and rank correlations) will be printed.
1

    Pecos::LHSDriver                                                                                                             

    VARIABLE  DISTRIBUTION          RANGE            LABEL
0       1        UNIFORM     0.00     TO   10.0                                                        
0       2        UNIFORM     0.00     TO   20.0                                                        
1Pecos::LHSDriver                                                                                                             
0LATIN HYPERCUBE SAMPLE INPUT VECTORS

 RUN NO. X(1)      X(2)
0    1 0.773      6.36    
0    2  2.16      7.83    
0    3  5.37      4.01    
0    4  1.58      17.1    
0    5  2.81      2.67    
0    6 0.367      19.3    
0    7  4.03      1.10    
0    8  7.01      8.43    
0    9  3.05      5.32    
0   10  8.97      18.0    
0   11  5.95      13.3    
0   12  9.76      2.46    
0   13  8.52      5.55    
0   14  7.59      1.34    
0   15  9.46      11.4    
0   16  4.91      10.7    
0   17  8.05      15.7    
0   18  3.41      15.0    
0   19  2.37      10.5    
0   20  4.45      14.0    
0   21  6.61      13.5    
0   22  5.07      9.11    
0   23  1.82     0.564    
0   24  6.79      19.7    
0   25  6.02      18.0    
0   26  1.22      12.6    
0   27  9.07      16.1    
0   28  7.92      6.88    
0   29 8.055E-02  9.70    
0   30  4.00      3.98    
1Pecos::LHSDriver                                                                                                             
0RANKS OF LATIN HYPERCUBE SAMPLE INPUT VECTORS

 RUN NO.    X(1)      X(2)
0    1        3.       10.
0    2        7.       12.
0    3       17.        7.
0    4        5.       26.
0    5        9.        5.
0    6        2.       29.
0    7       13.        2.
0    8       22.       13.
0    9       10.        8.
0   10       27.       27.
0   11       18.       20.
0   12       30.        4.
0   13       26.        9.
0   14       23.        3.
0   15       29.       18.
0   16       15.       17.
0   17       25.       24.
0   18       11.       23.
0   19        8.       16.
0   20       14.       22.
0   21       20.       21.
0   22       16.       14.
0   23        6.        1.
0   24       21.       30.
0   25       19.       28.
0   26        4.       19.
0   27       28.       25.
0   28       24.       11.
0   29        1.       15.
0   30       12.        6.
1   Pecos::LHSDriver                                                                                                             
0  HISTOGRAM FOR VARIABLE NO.  1     UNIFORM DISTRIBUTION

     Midpoint          Freq.

   2.3999999E-01         2    XX
   7.1999998E-01         1    X
   1.2000000E+00         1    X
   1.6800000E+00         2    XX
   2.1600000E+00         2    XX
   2.6399999E+00         1    X
   3.1199999E+00         1    X
   3.5999999E+00         1    X
   4.0799999E+00         2    XX
   4.5599999E+00         1    X
   5.0399999E+00         2    XX
   5.5199999E+00         1    X
   5.9999999E+00         2    XX
   6.4799999E+00         1    X
   6.9599998E+00         2    XX
   7.4399998E+00         1    X
   7.9199998E+00         2    XX
   8.3999998E+00         1    X
   8.8799998E+00         2    XX
   9.3599998E+00         1    X
   9.8399998E+00         1    X
0                       30


      Min            Max           Range           Mean          Median        Variance

   8.0554416E-02  9.7609019E+00  9.6803475E+00  4.9728723E+00  4.9896315E+00  8.3928330E+00

1   Pecos::LHSDriver                                                                                                             
0  HISTOGRAM FOR VARIABLE NO.  2     UNIFORM DISTRIBUTION

     Midpoint          Freq.

   4.7999999E-01         1    X
   1.4400000E+00         2    XX
   2.3999999E+00         2    XX
   3.3599999E+00         0
   4.3199999E+00         2    XX
   5.2799999E+00         2    XX
   6.2399999E+00         1    X
   7.1999998E+00         1    X
   8.1599998E+00         2    XX
   9.1199998E+00         1    X
   1.0080000E+01         2    XX
   1.1040000E+01         2    XX
   1.2000000E+01         0
   1.2960000E+01         2    XX
   1.3920000E+01         2    XX
   1.4880000E+01         1    X
   1.5840000E+01         2    XX
   1.6800000E+01         1    X
   1.7760000E+01         2    XX
   1.8720000E+01         0
   1.9680000E+01         2    XX
0                       30


      Min            Max           Range           Mean          Median        Variance

   5.6389345E-01  1.9684786E+01  1.9120892E+01  1.0004218E+01  1.0086452E+01  3.3334467E+01

1Pecos::LHSDriver                                                                                                             
0CORRELATIONS AMONG INPUT VARIABLES CREATED BY THE LATIN HYPERCUBE SAMPLE FOR RAW DATA                              PAGE   1
0    1  1.0000
0    2  0.0614  1.0000
0            1       2
0VARIABLES
0THE VARIANCE INFLATION FACTOR FOR THIS MATRIX IS  1.00
1Pecos::LHSDriver                                                                                                             
0CORRELATIONS AMONG INPUT VARIABLES CREATED BY THE LATIN HYPERCUBE SAMPLE FOR RANK DATA                              PAGE   1
0    1  1.0000
0    2  0.0745  1.0000
0            1       2
0VARIABLES
0THE VARIANCE INFLATION FACTOR FOR THIS MATRIX IS  1.01
