 $ LHS File Format Version 1.00 
$
$ This LHS run was executed on  6/15/17 at 18:29:16.54
$ with LHS Version: 2.30 Release 1, Compiled May 31, 2001        
$ The run title was:
$ Pecos::LHSDriver
$
$ Message output file for this run: LHS_distributions.out
$
$ Input file(s) for this run: 
$
$ Point Values for the distributions follow:
$
$ All point values represent mean values that
$ were calculated from the actual LHS sample.
$
    Uniform1              4.9728723E+00
    Uniform2              1.0004218E+01
$
@UNCERTAINTY
  @OBSERVATIONS     30
  @VARIABLES      2
    Uniform1:          
    Uniform2:          
@SAMPLEDATA
           1           2  0.77264950509803987        6.3622448754807310     
           2           2   2.1617385423742235        7.8266225270926952     
           3           2   5.3662123982794583        4.0115563326204819     
           4           2   1.5816994812339544        17.065246754015483     
           5           2   2.8076067001869278        2.6744862138293684     
           6           2  0.36682419641874731        19.260061386972662     
           7           2   4.0268582973318798        1.0977120827883482     
           8           2   7.0144730921989931        8.4285624888725579     
           9           2   3.0458163570147008        5.3204400405908618     
          10           2   8.9709794277635702        17.986983788199723     
          11           2   5.9519941997714332        13.306047338681916     
          12           2   9.7609018797520548        2.4614139542294047     
          13           2   8.5163935739546996        5.5504405732887481     
          14           2   7.5875960887254523        1.3393598571419716     
          15           2   9.4595679977598284        11.387236452351013     
          16           2   4.9137905019645887        10.736686473246664     
          17           2   8.0542738800092284        15.726005150781322     
          18           2   3.4052605452792095        15.006931033761550     
          19           2   2.3709511847700919        10.477897751300285     
          20           2   4.4532891670241952        14.011663813299188     
          21           2   6.6069336338744806        13.458839995786546     
          22           2   5.0654725496812416        9.1134403790347278     
          23           2   1.8152996678836641       0.56389344949275255     
          24           2   6.7877460444190847        19.684785526711494     
          25           2   6.0217310831261175        18.043961197448272     
          26           2   1.2230618651180218        12.559462360727290     
          27           2   9.0747047564946115        16.110450829224039     
          28           2   7.9231191676420467        6.8814194668084374     
          29           2   8.0554415704682469E-002   9.6950056624288354     
          30           2   3.9986693410513299        3.9776830639069276     
