 $ LHS File Format Version 1.00 
$
$ This LHS run was executed on  6/21/17 at 22:58:51.97
$ with LHS Version: 2.30 Release 1, Compiled May 31, 2001        
$ The run title was:
$ Pecos::LHSDriver
$
$ Message output file for this run: LHS_distributions.out
$
$ Input file(s) for this run: 
$
$ Point Values for the distributions follow:
$
$ All point values represent mean values that
$ were calculated from the actual LHS sample.
$
    Uniform1              6.2200281E+00
    Uniform2              6.7001017E+00
$
@UNCERTAINTY
  @OBSERVATIONS      3
  @VARIABLES      2
    Uniform1:          
    Uniform2:          
@SAMPLEDATA
           1           2   7.3179485152941197        8.0764983394183218     
           2           2   5.2416632471140474        6.9084974061697721     
           3           2   6.1004725892562419        5.1153093255901094     
